0 true true true true 0 chutar_portero
0 true false true true 0 chutar_portero
0 false true true false 0 cubrir_porteria
0 false false true false 0 cubrir_porteria
1 true false false true -2 detras_balon
1 true false true true -2 chutar
1 true false true false -3 ir_pelota
1 false true true true -4 ir_pelota
1 true true true true -4 despejar
1 true false false false -4 ir_pelota
1 true true true false -4 ir_pelota
1 true true false false -4 despejar
1 true true false true -4 despejar
1 false true true false -4 ir_pelota
1 false true false false -4 ir_pelota
1 false true false true -4 ir_pelota
1 false false true true -4 abrirse
1 false false true false -4 ir_pelota
1 false false false false -4 ir_pelota
1 false false false true -4 abrirse
